<?xml version="1.0" encoding="UTF-8"?>
<!-- Generated by org.testng.reporters.JUnitXMLReporter -->
<testsuite hostname="MAYANK" ignored="0" name="Test" tests="6" failures="0" timestamp="18 Jul 2019 14:51:01 GMT" time="287.57" errors="0">
  <testcase name="WorngEmail" time="42.141" classname="com.plateIQ.plateIQAssignment.LoginTestCase"/>
  <testcase name="correctMobileNo" time="30.125" classname="com.plateIQ.plateIQAssignment.LoginTestCase"/>
  <testcase name="BlankPassword" time="50.336" classname="com.plateIQ.plateIQAssignment.LoginTestCase"/>
  <testcase name="WrongPassword" time="50.274" classname="com.plateIQ.plateIQAssignment.LoginTestCase"/>
  <testcase name="LoginTestCase" time="50.276" classname="com.plateIQ.plateIQAssignment.LoginTestCase"/>
  <testcase name="roundTripBooking" time="28.036" classname="com.plateIQ.plateIQAssignment.roundTripBooking"/>
</testsuite> <!-- Test -->
